2018-03-16 09:36:14 ERROR EmergyaWebDriverUtil:472 - The element: By.id: hplogo is missing in the DOM. Waiting time: 20 seconds
2018-03-16 09:36:40 ERROR EmergyaWebDriverUtil:472 - The element: By.id: hplogo is missing in the DOM. Waiting time: 20 seconds
2018-03-16 11:10:23 ERROR BasePageObject:116 - Trying to retrieve from selectors/emergyacontactpage.properties file the item with the key buttonTrabajaConNostrosSecondMenu but buttonTrabajaConNostrosSecondMenu.type and/or buttonTrabajaConNostrosSecondMenu.id are missing!
2018-03-16 11:10:54 ERROR BasePageObject:116 - Trying to retrieve from selectors/emergyacontactpage.properties file the item with the key buttonTrabajaConNostrosSecondMenu but buttonTrabajaConNostrosSecondMenu.type and/or buttonTrabajaConNostrosSecondMenu.id are missing!
2018-03-16 11:12:13 ERROR GoogleTestSet:160 - org.openqa.selenium.remote.UnreachableBrowserException: Error communicating with the remote browser. It may have died.
Build info: version: '2.53.1', revision: 'a36b8b1cd5757287168e54b817830adce9b0158d', time: '2016-06-30 19:26:09'
System info: host: 'ws-acosanchez', ip: '127.0.1.1', os.name: 'Linux', os.arch: 'amd64', os.version: '4.15.0-041500-generic', java.version: '1.8.0_161'
Driver info: driver.version: EmergyaFirefoxDriver
Capabilities [{applicationCacheEnabled=true, rotatable=false, handlesAlerts=true, databaseEnabled=true, version=47.0.1, platform=LINUX, nativeEvents=false, acceptSslCerts=true, webStorageEnabled=true, locationContextEnabled=true, browserName=firefox, takesScreenshot=true, javascriptEnabled=true, cssSelectorsEnabled=true}]
Session ID: 7d5f337a-a092-4f1f-9f02-1f19690b8c78
2018-03-16 11:12:48 ERROR BasePageObject:116 - Trying to retrieve from selectors/emergyacontactpage.properties file the item with the key buttonTrabajaConNostrosSecondMenu but buttonTrabajaConNostrosSecondMenu.type and/or buttonTrabajaConNostrosSecondMenu.id are missing!
2018-03-16 11:12:48 ERROR GoogleTestSet:160 - java.lang.IllegalMonitorStateException
2018-03-16 11:14:34 ERROR GoogleTestSet:160 - java.lang.IllegalMonitorStateException
2018-03-16 12:14:40 ERROR BasePageObject:116 - Trying to retrieve from selectors/emergyatrabajaconnosotrospage.properties file the item with the key h1TitleWorkWithUs but h1TitleWorkWithUs.type and/or h1TitleWorkWithUs.id are missing!
2018-03-16 12:15:58 ERROR BasePageObject:116 - Trying to retrieve from selectors/emergyatrabajaconnosotrospage.properties file the item with the key h1TitleWorkWithUs but h1TitleWorkWithUs.type and/or h1TitleWorkWithUs.id are missing!
2018-03-16 12:17:17 ERROR BasePageObject:246 - Trying to retrieve from selectors/emergyatrabajaconnosotrospage.properties file the item with the key h1TitleWorkWithUs but h1TitleWorkWithUs.xpath is missing!
2018-03-16 12:19:49 ERROR BasePageObject:246 - Trying to retrieve from selectors/emergyatrabajaconnosotrospage.properties file the item with the key h1TitleWorkWithUs but h1TitleWorkWithUs.xpath is missing!
2018-03-16 12:31:57 ERROR GoogleTestSet:170 - org.openqa.selenium.remote.UnreachableBrowserException: Error communicating with the remote browser. It may have died.
Build info: version: '2.53.1', revision: 'a36b8b1cd5757287168e54b817830adce9b0158d', time: '2016-06-30 19:26:09'
System info: host: 'ws-acosanchez', ip: '127.0.1.1', os.name: 'Linux', os.arch: 'amd64', os.version: '4.15.0-041500-generic', java.version: '1.8.0_161'
Driver info: driver.version: RemoteWebDriver
Capabilities [{applicationCacheEnabled=true, rotatable=false, handlesAlerts=true, databaseEnabled=true, version=47.0.1, platform=LINUX, nativeEvents=false, acceptSslCerts=true, webStorageEnabled=true, locationContextEnabled=true, browserName=firefox, takesScreenshot=true, javascriptEnabled=true, cssSelectorsEnabled=true}]
Session ID: fdf46ead-9389-44b5-b22c-eb865081cfb9
2018-03-16 12:33:16 ERROR GoogleTestSet:173 - org.openqa.selenium.ElementNotVisibleException: Element is not currently visible and so may not be interacted with
Command duration or timeout: 10 milliseconds
Build info: version: '2.53.1', revision: 'a36b8b1cd5757287168e54b817830adce9b0158d', time: '2016-06-30 19:26:09'
System info: host: 'ws-acosanchez', ip: '127.0.1.1', os.name: 'Linux', os.arch: 'amd64', os.version: '4.15.0-041500-generic', java.version: '1.8.0_161'
Driver info: com.emergya.selenium.drivers.EmergyaFirefoxDriver
Capabilities [{applicationCacheEnabled=true, rotatable=false, handlesAlerts=true, databaseEnabled=true, version=47.0.1, platform=LINUX, nativeEvents=false, acceptSslCerts=true, webStorageEnabled=true, locationContextEnabled=true, browserName=firefox, takesScreenshot=true, javascriptEnabled=true, cssSelectorsEnabled=true}]
Session ID: 60dd8b58-2e7d-4f56-8316-bf4d15dfe89e
2018-03-16 12:35:00 ERROR GoogleTestSet:173 - java.lang.IllegalArgumentException: Cannot find elements when the XPath expression is null.
2018-03-16 12:36:57 ERROR GoogleTestSet:172 - java.lang.IllegalArgumentException: Cannot find elements when the XPath expression is null.
2018-03-16 12:46:45 ERROR GoogleTestSet:172 - org.openqa.selenium.ElementNotVisibleException: Element is not currently visible and so may not be interacted with
Command duration or timeout: 12 milliseconds
Build info: version: '2.53.1', revision: 'a36b8b1cd5757287168e54b817830adce9b0158d', time: '2016-06-30 19:26:09'
System info: host: 'ws-acosanchez', ip: '127.0.1.1', os.name: 'Linux', os.arch: 'amd64', os.version: '4.15.0-041500-generic', java.version: '1.8.0_161'
Driver info: com.emergya.selenium.drivers.EmergyaFirefoxDriver
Capabilities [{applicationCacheEnabled=true, rotatable=false, handlesAlerts=true, databaseEnabled=true, version=47.0.1, platform=LINUX, nativeEvents=false, acceptSslCerts=true, webStorageEnabled=true, locationContextEnabled=true, browserName=firefox, takesScreenshot=true, javascriptEnabled=true, cssSelectorsEnabled=true}]
Session ID: 5bd7fa88-7354-4d09-a3f7-c76d725cad71
2018-03-16 12:49:33 ERROR GoogleTestSet:172 - org.openqa.selenium.ElementNotVisibleException: Element is not currently visible and so may not be interacted with
Command duration or timeout: 10 milliseconds
Build info: version: '2.53.1', revision: 'a36b8b1cd5757287168e54b817830adce9b0158d', time: '2016-06-30 19:26:09'
System info: host: 'ws-acosanchez', ip: '127.0.1.1', os.name: 'Linux', os.arch: 'amd64', os.version: '4.15.0-041500-generic', java.version: '1.8.0_161'
Driver info: com.emergya.selenium.drivers.EmergyaFirefoxDriver
Capabilities [{applicationCacheEnabled=true, rotatable=false, handlesAlerts=true, databaseEnabled=true, version=47.0.1, platform=LINUX, nativeEvents=false, acceptSslCerts=true, webStorageEnabled=true, locationContextEnabled=true, browserName=firefox, takesScreenshot=true, javascriptEnabled=true, cssSelectorsEnabled=true}]
Session ID: 87dcee54-eb96-4c1b-8f98-72065d511376
2018-03-16 12:52:26 ERROR EmergyaWebDriverUtil:472 - The element: By.xpath: //h1[(@class='page-title') and contains(text(),'Ofertas')] is missing in the DOM. Waiting time: 20 seconds
2018-03-16 13:31:28 ERROR EmergyaWebDriverUtil:505 - The element: By.cssSelector: .agree-button is not visible in the page. Waiting time: 10 seconds
2018-03-16 13:53:36 ERROR EmergyaWebDriverUtil:505 - The element: By.cssSelector: .agree-button is not visible in the page. Waiting time: 10 seconds
2018-03-16 14:13:44 ERROR EmergyaWebDriverUtil:505 - The element: By.cssSelector: .agree-button is not visible in the page. Waiting time: 10 seconds
2018-03-16 14:15:00 ERROR EmergyaWebDriverUtil:505 - The element: By.cssSelector: .agree-button is not visible in the page. Waiting time: 10 seconds
2018-03-16 14:18:53 ERROR EmergyaWebDriverUtil:505 - The element: By.cssSelector: .agree-button is not visible in the page. Waiting time: 10 seconds
2018-03-16 14:20:57 ERROR EmergyaWebDriverUtil:472 - The element: By.xpath: //h1[(@class='page-title') and contains(text(),'Ofertas')] is missing in the DOM. Waiting time: 20 seconds
2018-03-16 14:22:09 ERROR EmergyaWebDriverUtil:505 - The element: By.cssSelector: .agree-button is not visible in the page. Waiting time: 10 seconds
2018-03-16 14:30:03 ERROR EmergyaWebDriverUtil:505 - The element: By.cssSelector: .agree-button is not visible in the page. Waiting time: 2 seconds
2018-03-16 14:31:11 ERROR EmergyaWebDriverUtil:505 - The element: By.cssSelector: .agree-button is not visible in the page. Waiting time: 2 seconds
2018-03-16 14:32:16 ERROR EmergyaWebDriverUtil:505 - The element: By.cssSelector: .agree-button is not visible in the page. Waiting time: 2 seconds
2018-03-16 14:34:04 ERROR EmergyaWebDriverUtil:505 - The element: By.cssSelector: .agree-button is not visible in the page. Waiting time: 2 seconds
2018-03-16 14:44:12 ERROR EmergyaWebDriverUtil:505 - The element: By.cssSelector: .agree-button is not visible in the page. Waiting time: 2 seconds
2018-03-19 08:20:35 ERROR EmergyaWebDriverUtil:505 - The element: By.cssSelector: .agree-button is not visible in the page. Waiting time: 2 seconds
2018-03-19 08:36:29 ERROR BasePageObject:116 - Trying to retrieve from selectors/imgbbmainpage.properties file the item with the key logomainpage but logomainpage.type and/or logomainpage.id are missing!
2018-03-19 08:38:08 ERROR EmergyaWebDriverUtil:472 - The element: By.id: anywhere-upload is missing in the DOM. Waiting time: 20 seconds
2018-03-19 08:40:22 ERROR EmergyaWebDriverUtil:472 - The element: By.id: anywhere-upload is missing in the DOM. Waiting time: 20 seconds
2018-03-19 08:42:18 ERROR EmergyaWebDriverUtil:472 - The element: By.id: anywhere-upload is missing in the DOM. Waiting time: 20 seconds
2018-03-19 14:32:50 ERROR DemoAutomationTestingRegisterPage:54 - 
2018-03-19 14:35:07 ERROR DemoAutomationTestingRegisterPage:54 - me@me.com
2018-03-19 14:35:07 ERROR DemoAutomationTestingRegisterPage:55 - me@me.com
2018-03-19 16:37:42 ERROR EmergyaWebDriverUtil:472 - The element: By.xpath: //input[@ng-model=FirstName] is missing in the DOM. Waiting time: 20 seconds
2018-03-19 16:38:02 ERROR EmergyaWebDriverUtil:472 - The element: By.xpath: //input[@ng-model=LastName] is missing in the DOM. Waiting time: 20 seconds
2018-03-19 16:38:23 ERROR EmergyaWebDriverUtil:472 - The element: By.xpath: //textarea[@ng-model=Adress] is missing in the DOM. Waiting time: 20 seconds
2018-03-19 16:38:43 ERROR EmergyaWebDriverUtil:472 - The element: By.xpath: //input[@ng-model=phone] is missing in the DOM. Waiting time: 20 seconds
2018-03-19 16:40:27 ERROR EmergyaWebDriverUtil:472 - The element: By.xpath: //input[@ng-model='phone'] is missing in the DOM. Waiting time: 20 seconds
2018-03-19 16:55:55 ERROR EmergyaWebDriverUtil:505 - The element: By.cssSelector: .agree-button is not visible in the page. Waiting time: 2 seconds
2018-03-19 17:24:05 ERROR EmergyaWebDriverUtil:538 - The element: By.id: //option[@value='Unix'] is not clickable. Waiting time: 2 seconds
2018-03-19 17:43:23 ERROR EmergyaWebDriverUtil:472 - The element: By.id: monthbox is missing in the DOM. Waiting time: 20 seconds
2018-03-20 08:38:56 ERROR EmergyaWebDriverUtil:472 - The element: By.id: monthbox is missing in the DOM. Waiting time: 20 seconds
2018-03-20 08:41:19 ERROR EmergyaWebDriverUtil:472 - The element: By.id: monthbox is missing in the DOM. Waiting time: 20 seconds
2018-03-20 08:57:34 ERROR EmergyaWebDriverUtil:538 - The element: By.xpath: //a[text()='Spanish'] is not clickable. Waiting time: 2 seconds
2018-03-20 08:57:54 ERROR EmergyaWebDriverUtil:472 - The element: By.xpath: //a[text()='Spanish'] is missing in the DOM. Waiting time: 20 seconds
2018-03-20 09:01:45 ERROR EmergyaWebDriverUtil:472 - The element: By.id: monthbox is missing in the DOM. Waiting time: 20 seconds
2018-03-20 09:13:51 ERROR EmergyaWebDriverUtil:538 - The element: By.xpath: //a[text()='Spanish'] is not clickable. Waiting time: 2 seconds
2018-03-20 09:14:11 ERROR EmergyaWebDriverUtil:472 - The element: By.xpath: //a[text()='Spanish'] is missing in the DOM. Waiting time: 20 seconds
2018-03-20 09:22:15 ERROR BasePageObject:116 - Trying to retrieve from selectors/demoautomationtestingregisterpage.properties file the item with the key languagesSelectorXPATH but languagesSelectorXPATH.type and/or languagesSelectorXPATH.id are missing!
2018-03-20 09:26:47 ERROR BasePageObject:116 - Trying to retrieve from selectors/demoautomationtestingregisterpage.properties file the item with the key languagesSelectorXPATH but languagesSelectorXPATH.type and/or languagesSelectorXPATH.id are missing!
2018-03-20 09:28:48 ERROR BasePageObject:116 - Trying to retrieve from selectors/demoautomationtestingregisterpage.properties file the item with the key languagesSelectorXPATH but languagesSelectorXPATH.type and/or languagesSelectorXPATH.id are missing!
2018-03-20 09:50:08 ERROR BasePageObject:116 - Trying to retrieve from selectors/demoautomationtestingregisterpage.properties file the item with the key SelectCountrySpanSelectorXPATH but SelectCountrySpanSelectorXPATH.type and/or SelectCountrySpanSelectorXPATH.id are missing!
2018-03-20 09:51:33 ERROR BasePageObject:246 - Trying to retrieve from selectors/demoautomationtestingregisterpage.properties file the item with the key SelectCountrySpanSelectorXPATH but SelectCountrySpanSelectorXPATH.xpath is missing!
2018-03-20 09:55:15 ERROR EmergyaWebDriverUtil:472 - The element: By.xpath: //a[text()='Spanish'] is missing in the DOM. Waiting time: 20 seconds
2018-03-20 11:29:17 ERROR DemoAutomationTestSets:177 - UserBean [name=Carlos, lastName=Garcia, adress=Calle Falsa 123, phone=1234567891]
2018-03-20 11:29:17 ERROR DemoAutomationTestSets:178 - UserBean [name=Carlos, lastName=Garcia, adress=Calle Falsa 123, phone=1234567891]
2018-03-20 11:29:17 ERROR DemoAutomationTestSets:179 - Carlos
2018-03-20 11:33:46 ERROR DemoAutomationTestSets:186 - UserBean [name=Carlos, lastName=Garcia, adress=Calle Falsa 123, phone=1234567891]
2018-03-20 11:37:59 ERROR DemoAutomationTestSets:178 - com.emergya.utils.UserBean@273cb729
2018-03-20 11:55:52 ERROR DemoAutomationTestSets:178 - com.emergya.utils.UserBean@16ea56ab
2018-03-20 11:56:55 ERROR DemoAutomationTestSets:178 - com.emergya.utils.UserBean@18f6ee8d
2018-03-20 12:04:09 ERROR DemoAutomationTestSets:178 - com.emergya.utils.UserBean@6fb8cfa7
2018-03-20 12:04:09 ERROR DemoAutomationTestSets:179 - [Ljava.lang.String;@16486ab3
2018-03-20 12:04:09 ERROR DemoAutomationTestSets:180 - 3
2018-03-20 12:04:09 ERROR DemoAutomationTestSets:181 - Cricket
2018-03-20 12:04:09 ERROR DemoAutomationTestSets:182 - Movies
2018-03-20 12:04:09 ERROR DemoAutomationTestSets:183 - Hockey
2018-03-20 12:10:50 ERROR DemoAutomationTestSets:178 - com.emergya.utils.UserBean@3b9d5218
2018-03-20 12:11:48 ERROR DemoAutomationTestSets:178 - com.emergya.utils.UserBean@5a318745
2018-03-20 12:26:27 ERROR DemoAutomationTestSets:178 - com.emergya.utils.UserBean@5a318745
2018-03-20 12:31:30 ERROR DemoAutomationTestSets:178 - com.emergya.utils.UserBean@327fd5c9
2018-03-20 12:31:39 ERROR EmergyaWebDriverUtil:472 - The element: By.xpath: //ul[@class='ui-autocomplete ui-front ui-menu ui-widget ui-widget-content ui-corner-all']/li/a is missing in the DOM. Waiting time: 5 seconds
2018-03-20 12:31:59 ERROR EmergyaWebDriverUtil:472 - The element: By.xpath: //a[text()='Spanish'] is missing in the DOM. Waiting time: 20 seconds
2018-03-20 12:32:42 ERROR DemoAutomationTestSets:178 - com.emergya.utils.UserBean@1b13e4fb
2018-03-20 12:36:16 ERROR DemoAutomationTestSets:178 - com.emergya.utils.UserBean@1b13e4fb
2018-03-20 12:46:33 ERROR DemoAutomationTestSets:178 - com.emergya.utils.UserBean@5cb6fac3
2018-03-20 13:27:05 ERROR DemoAutomationTestSets:178 - com.emergya.utils.UserBean@70a9f4b7
2018-03-20 13:36:28 ERROR DemoAutomationTestSets:178 - com.emergya.utils.UserBean@340b7fca
2018-03-20 13:53:08 ERROR DemoAutomationTestSets:178 - com.emergya.utils.UserBean@7dbf92aa
2018-03-20 13:53:29 ERROR BasePageObject:279 - Trying to retrieve from selectors/demoautomationtestingregisterpage.properties file the item(s) with the key highlightedResultList but highlightedResultList.xpath is missing!
2018-03-20 13:58:57 ERROR DemoAutomationTestSets:178 - com.emergya.utils.UserBean@4e92c6c2
2018-03-20 13:59:18 ERROR BasePageObject:279 - Trying to retrieve from selectors/demoautomationtestingregisterpage.properties file the item(s) with the key highlightedResultList but highlightedResultList.xpath is missing!
2018-03-20 14:02:20 ERROR DemoAutomationTestSets:178 - com.emergya.utils.UserBean@194feb27
2018-03-20 14:02:40 ERROR BasePageObject:279 - Trying to retrieve from selectors/demoautomationtestingregisterpage.properties file the item(s) with the key highlightedResultList but highlightedResultList.xpath is missing!
2018-03-20 14:03:27 ERROR DemoAutomationTestSets:178 - com.emergya.utils.UserBean@6a339bc1
2018-03-20 14:04:51 ERROR DemoAutomationTestSets:178 - com.emergya.utils.UserBean@7c1a5092
2018-03-20 14:08:25 ERROR DemoAutomationTestSets:178 - com.emergya.utils.UserBean@3df920
2018-03-20 14:17:35 ERROR EmergyaWebDriverUtil:472 - The element: By.xpath: //a[text()='Spanish'] is missing in the DOM. Waiting time: 20 seconds
2018-03-20 14:18:02 ERROR DemoAutomationTestSets:178 - com.emergya.utils.UserBean@66032b8d
2018-03-20 14:19:39 ERROR DemoAutomationTestSets:178 - com.emergya.utils.UserBean@1d4ee7d7
2018-03-20 14:22:27 ERROR DemoAutomationTestSets:178 - com.emergya.utils.UserBean@1e8f20bf
2018-03-20 14:27:31 ERROR DemoAutomationTestSets:178 - com.emergya.utils.UserBean@70a9f4b7
2018-03-20 14:29:35 ERROR DemoAutomationTestSets:178 - com.emergya.utils.UserBean@488bf7cd
2018-03-20 14:33:46 ERROR DemoAutomationTestSets:178 - com.emergya.utils.UserBean@70a9f4b7
2018-03-20 14:33:56 ERROR EmergyaWebDriverUtil:472 - The element: By.xpath: //ul[@class='ui-autocomplete ui-front ui-menu ui-widget ui-widget-content ui-corner-all']/li/a is missing in the DOM. Waiting time: 5 seconds
2018-03-20 14:34:08 ERROR DemoAutomationTestingRegisterPage:394 - false
2018-03-20 14:38:23 ERROR DemoAutomationTestSets:178 - com.emergya.utils.UserBean@7dbf92aa
2018-03-20 14:38:43 ERROR DemoAutomationTestingRegisterPage:395 - El if es false
2018-03-20 14:42:08 ERROR DemoAutomationTestSets:178 - com.emergya.utils.UserBean@2a58d00a
2018-03-20 14:42:27 ERROR DemoAutomationTestingRegisterPage:403 - El if es false
2018-03-20 14:49:10 ERROR DemoAutomationTestSets:178 - com.emergya.utils.UserBean@70a9f4b7
2018-03-20 15:57:59 ERROR DemoAutomationTestSets:178 - com.emergya.utils.UserBean@70a9f4b7
2018-03-20 16:02:25 ERROR DemoAutomationTestSets:178 - com.emergya.utils.UserBean@66032b8d
2018-03-20 16:11:58 ERROR DemoAutomationTestSets:178 - com.emergya.utils.UserBean@7c1a5092
2018-03-20 16:14:37 ERROR DemoAutomationTestSets:178 - com.emergya.utils.UserBean@2a58d00a
2018-03-20 16:14:38 ERROR DemoAutomationTestingRegisterPage:403 - HE ENTRADO EN LA COSA ESTA11212
2018-03-20 16:18:43 ERROR EmergyaWebDriverUtil:472 - The element: By.xpath: //ul[@class='ui-autocomplete ui-front ui-menu ui-widget ui-widget-content ui-corner-all']/li/a is missing in the DOM. Waiting time: 5 seconds
2018-03-20 16:19:00 ERROR DemoAutomationTestingRegisterPage:403 - HE ENTRADO EN LA COSA ESTA11212
2018-03-20 16:21:03 ERROR EmergyaWebDriverUtil:472 - The element: By.xpath: //ul[@class='ui-autocomplete ui-front ui-menu ui-widget ui-widget-content ui-corner-all']/li/a is missing in the DOM. Waiting time: 5 seconds
2018-03-20 16:26:36 ERROR DemoAutomationTestingRegisterPage:317 - Language not found
2018-03-20 16:31:17 ERROR DemoAutomationTestingRegisterPage:310 - Language not found
2018-03-20 16:33:58 ERROR EmergyaWebDriverUtil:472 - The element: By.xpath: //ul[@class='ui-autocomplete ui-front ui-menu ui-widget ui-widget-content ui-corner-all']/li/a is missing in the DOM. Waiting time: 5 seconds
2018-03-20 16:33:58 ERROR DemoAutomationTestingRegisterPage:310 - Language not found
2018-03-20 16:38:05 ERROR DemoAutomationTestingRegisterPage:310 - Language not found
2018-03-20 16:40:30 ERROR DemoAutomationTestingRegisterPage:310 - Language not found
2018-03-20 17:16:10 ERROR EmergyaWebDriverUtil:472 - The element: By.xpath: //div[@class='ui-grid-contents-wrapper'] is missing in the DOM. Waiting time: 20 seconds
2018-03-20 17:19:58 ERROR EmergyaWebDriverUtil:472 - The element: By.xpath: //ul[@class='ui-autocomplete ui-front ui-menu ui-widget ui-widget-content ui-corner-all']/li/a is missing in the DOM. Waiting time: 5 seconds
2018-03-20 17:19:58 ERROR DemoAutomationTestingRegisterPage:311 - Language not found
2018-03-20 17:31:16 ERROR EmergyaWebDriverUtil:472 - The element: By.xpath: //ul[@class='ui-autocomplete ui-front ui-menu ui-widget ui-widget-content ui-corner-all']/li/a is missing in the DOM. Waiting time: 5 seconds
2018-03-20 17:31:16 ERROR DemoAutomationTestingRegisterPage:311 - Language not found
2018-03-21 08:33:17 ERROR EmergyaWebDriverUtil:472 - The element: By.xpath: //ul[@class='ui-autocomplete ui-front ui-menu ui-widget ui-widget-content ui-corner-all']/li/a is missing in the DOM. Waiting time: 5 seconds
2018-03-21 08:33:17 ERROR DemoAutomationTestingRegisterPage:311 - Language not found
